npm verb cli /usr/local/bin/node /usr/local/bin/npm
npm info using npm@8.17.0
npm info using node@v14.16.1
npm timing npm:load:whichnode Completed in 0ms
npm timing config:load:defaults Completed in 2ms
npm timing config:load:file:/usr/local/lib/node_modules/npm/npmrc Completed in 2ms
npm timing config:load:builtin Completed in 2ms
npm timing config:load:cli Completed in 3ms
npm timing config:load:env Completed in 0ms
npm timing config:load:file:/Users/antimopica/git_minopica/CypressPWA/tmpBstackPackages/.npmrc Completed in 1ms
npm timing config:load:project Completed in 6ms
npm timing config:load:file:/Users/antimopica/.npmrc Completed in 0ms
npm timing config:load:user Completed in 0ms
npm timing config:load:file:/usr/local/etc/npmrc Completed in 0ms
npm timing config:load:global Completed in 0ms
npm timing config:load:validate Completed in 0ms
npm timing config:load:credentials Completed in 0ms
npm timing config:load:setEnvs Completed in 1ms
npm timing config:load Completed in 15ms
npm timing npm:load:configload Completed in 15ms
npm timing npm:load:mkdirpcache Completed in 1ms
npm timing npm:load:mkdirplogs Completed in 1ms
npm verb title npm install
npm verb argv "install" "--legacy-peer-deps" "--loglevel" "verbose"
npm timing npm:load:setTitle Completed in 1ms
npm timing config:load:flatten Completed in 3ms
npm timing npm:load:display Completed in 8ms
npm verb logfile logs-max:10 dir:/Users/antimopica/.npm/_logs
npm verb logfile /Users/antimopica/.npm/_logs/2022-08-26T10_28_20_153Z-debug-0.log
npm timing npm:load:logFile Completed in 5ms
npm timing npm:load:timers Completed in 0ms
npm timing npm:load:configScope Completed in 0ms
npm timing npm:load Completed in 32ms
npm timing arborist:ctor Completed in 1ms
npm timing arborist:ctor Completed in 0ms
npm timing idealTree:init Completed in 13ms
npm timing idealTree:userRequests Completed in 0ms
npm http fetch GET 200 https://registry.npmjs.org/npm 42ms (cache hit)
npm http fetch GET 200 https://registry.npmjs.org/cypress 206ms (cache revalidated)
npm http fetch GET 200 https://registry.npmjs.org/@types%2fsinonjs__fake-timers 161ms (cache revalidated)
npm http fetch GET 200 https://registry.npmjs.org/bluebird 186ms (cache revalidated)
npm http fetch GET 200 https://registry.npmjs.org/cli-cursor 186ms (cache revalidated)
npm http fetch GET 200 https://registry.npmjs.org/@types%2fnode 204ms (cache revalidated)
npm http fetch GET 200 https://registry.npmjs.org/buffer 235ms (cache revalidated)
npm http fetch GET 200 https://registry.npmjs.org/chalk 247ms (cache revalidated)
npm http fetch GET 200 https://registry.npmjs.org/cli-table3 246ms (cache revalidated)
npm http fetch GET 200 https://registry.npmjs.org/debug 244ms (cache revalidated)
npm http fetch GET 200 https://registry.npmjs.org/common-tags 247ms (cache revalidated)
npm http fetch GET 200 https://registry.npmjs.org/execa 244ms (cache revalidated)
npm http fetch GET 200 https://registry.npmjs.org/eventemitter2 246ms (cache revalidated)
npm http fetch GET 200 https://registry.npmjs.org/commander 251ms (cache revalidated)
npm http fetch GET 200 https://registry.npmjs.org/fs-extra 246ms (cache revalidated)
npm http fetch GET 200 https://registry.npmjs.org/check-more-types 259ms (cache revalidated)
npm http fetch GET 200 https://registry.npmjs.org/dayjs 257ms (cache revalidated)
npm http fetch GET 200 https://registry.npmjs.org/extract-zip 255ms (cache revalidated)
npm http fetch GET 200 https://registry.npmjs.org/figures 255ms (cache revalidated)
npm http fetch GET 200 https://registry.npmjs.org/enquirer 273ms (cache revalidated)
npm http fetch GET 200 https://registry.npmjs.org/proxy-from-env 258ms (cache revalidated)
npm http fetch GET 200 https://registry.npmjs.org/pretty-bytes 259ms (cache revalidated)
npm http fetch GET 200 https://registry.npmjs.org/semver 259ms (cache revalidated)
npm http fetch GET 200 https://registry.npmjs.org/getos 272ms (cache revalidated)
npm http fetch GET 200 https://registry.npmjs.org/arch 291ms (cache revalidated)
npm http fetch GET 200 https://registry.npmjs.org/executable 276ms (cache revalidated)
npm http fetch GET 200 https://registry.npmjs.org/@types%2fsizzle 296ms (cache revalidated)
npm http fetch GET 200 https://registry.npmjs.org/ospath 295ms (cache revalidated)
npm http fetch GET 200 https://registry.npmjs.org/lodash 299ms (cache revalidated)
npm http fetch GET 200 https://registry.npmjs.org/tmp 294ms (cache revalidated)
npm http fetch GET 200 https://registry.npmjs.org/request-progress 298ms (cache revalidated)
npm http fetch GET 200 https://registry.npmjs.org/log-symbols 302ms (cache revalidated)
npm http fetch GET 200 https://registry.npmjs.org/lazy-ass 308ms (cache revalidated)
npm http fetch GET 200 https://registry.npmjs.org/supports-color 301ms (cache revalidated)
npm http fetch GET 200 https://registry.npmjs.org/is-ci 318ms (cache revalidated)
npm http fetch GET 200 https://registry.npmjs.org/yauzl 310ms (cache revalidated)
npm http fetch GET 200 https://registry.npmjs.org/minimist 319ms (cache revalidated)
npm http fetch GET 200 https://registry.npmjs.org/@cypress%2fxvfb 352ms (cache revalidated)
npm http fetch GET 200 https://registry.npmjs.org/untildify 329ms (cache revalidated)
npm http fetch GET 200 https://registry.npmjs.org/@cypress%2frequest 390ms (cache revalidated)
npm http fetch GET 200 https://registry.npmjs.org/blob-util 931ms (cache revalidated)
npm http fetch GET 200 https://registry.npmjs.org/cachedir 928ms (cache revalidated)
npm http fetch GET 200 https://registry.npmjs.org/is-installed-globally 955ms (cache revalidated)
npm http fetch GET 200 https://registry.npmjs.org/listr2 1017ms (cache revalidated)
npm timing idealTree:#root Completed in 1272ms
npm http fetch GET 200 https://registry.npmjs.org/extend 182ms (cache revalidated)
npm http fetch GET 200 https://registry.npmjs.org/combined-stream 184ms (cache revalidated)
npm http fetch GET 200 https://registry.npmjs.org/is-typedarray 181ms (cache revalidated)
npm http fetch GET 200 https://registry.npmjs.org/safe-buffer 176ms (cache revalidated)
npm http fetch GET 200 https://registry.npmjs.org/forever-agent 185ms (cache revalidated)
npm http fetch GET 200 https://registry.npmjs.org/isstream 183ms (cache revalidated)
npm http fetch GET 200 https://registry.npmjs.org/mime-types 182ms (cache revalidated)
npm http fetch GET 200 https://registry.npmjs.org/tunnel-agent 178ms (cache revalidated)
npm http fetch GET 200 https://registry.npmjs.org/aws4 191ms (cache revalidated)
npm http fetch GET 200 https://registry.npmjs.org/aws-sign2 192ms (cache revalidated)
npm http fetch GET 200 https://registry.npmjs.org/form-data 189ms (cache revalidated)
npm http fetch GET 200 https://registry.npmjs.org/tough-cookie 184ms (cache revalidated)
npm http fetch GET 200 https://registry.npmjs.org/caseless 201ms (cache revalidated)
npm http fetch GET 200 https://registry.npmjs.org/onetime 176ms (cache revalidated)
npm http fetch GET 200 https://registry.npmjs.org/uuid 188ms (cache revalidated)
npm http fetch GET 200 https://registry.npmjs.org/string-width 193ms (cache revalidated)
npm http fetch GET 200 https://registry.npmjs.org/cross-spawn 191ms (cache revalidated)
npm http fetch GET 200 https://registry.npmjs.org/lodash.once 201ms (cache revalidated)
npm http fetch GET 200 https://registry.npmjs.org/ansi-styles 200ms (cache revalidated)
npm http fetch GET 200 https://registry.npmjs.org/ieee754 203ms (cache revalidated)
npm http fetch GET 200 https://registry.npmjs.org/get-stream 198ms (cache revalidated)
npm http fetch GET 200 https://registry.npmjs.org/ms 202ms (cache revalidated)
npm http fetch GET 200 https://registry.npmjs.org/json-stringify-safe 221ms (cache revalidated)
npm http fetch GET 200 https://registry.npmjs.org/is-stream 209ms (cache revalidated)
npm http fetch GET 200 https://registry.npmjs.org/base64-js 223ms (cache revalidated)
npm http fetch GET 200 https://registry.npmjs.org/performance-now 235ms (cache revalidated)
npm http fetch GET 200 https://registry.npmjs.org/merge-stream 223ms (cache revalidated)
npm http fetch GET 200 https://registry.npmjs.org/restore-cursor 229ms (cache revalidated)
npm http fetch GET 200 https://registry.npmjs.org/human-signals 225ms (cache revalidated)
npm http fetch GET 200 https://registry.npmjs.org/ansi-colors 232ms (cache revalidated)
npm http fetch GET 200 https://registry.npmjs.org/qs 247ms (cache revalidated)
npm http fetch GET 200 https://registry.npmjs.org/pify 231ms (cache revalidated)
npm http fetch GET 200 https://registry.npmjs.org/http-signature 256ms (cache revalidated)
npm http fetch GET 200 https://registry.npmjs.org/signal-exit 234ms (cache revalidated)
npm http fetch GET 200 https://registry.npmjs.org/npm-run-path 240ms (cache revalidated)
npm http fetch GET 200 https://registry.npmjs.org/graceful-fs 242ms (cache revalidated)
npm http fetch GET 200 https://registry.npmjs.org/escape-string-regexp 247ms (cache revalidated)
npm http fetch GET 200 https://registry.npmjs.org/@types%2fyauzl 256ms (cache revalidated)
npm http fetch GET 200 https://registry.npmjs.org/wrap-ansi 247ms (cache revalidated)
npm http fetch GET 200 https://registry.npmjs.org/rfdc 251ms (cache revalidated)
npm http fetch GET 200 https://registry.npmjs.org/@colors%2fcolors 272ms (cache revalidated)
npm http fetch GET 200 https://registry.npmjs.org/colorette 259ms (cache revalidated)
npm http fetch GET 200 https://registry.npmjs.org/jsonfile 265ms (cache revalidated)
npm http fetch GET 200 https://registry.npmjs.org/p-map 261ms (cache revalidated)
npm http fetch GET 200 https://registry.npmjs.org/universalify 266ms (cache revalidated)
npm http fetch GET 200 https://registry.npmjs.org/get-stream 273ms (cache revalidated)
npm http fetch GET 200 https://registry.npmjs.org/async 272ms (cache revalidated)
npm http fetch GET 200 https://registry.npmjs.org/ci-info 275ms (cache revalidated)
npm http fetch GET 200 https://registry.npmjs.org/has-flag 270ms (cache revalidated)
npm http fetch GET 200 https://registry.npmjs.org/is-path-inside 278ms (cache revalidated)
npm http fetch GET 200 https://registry.npmjs.org/global-dirs 282ms (cache revalidated)
npm http fetch GET 200 https://registry.npmjs.org/throttleit 284ms (cache revalidated)
npm http fetch GET 200 https://registry.npmjs.org/rxjs 288ms (cache revalidated)
npm http fetch GET 200 https://registry.npmjs.org/cli-truncate 305ms (cache revalidated)
npm http fetch GET 200 https://registry.npmjs.org/log-update 306ms (cache revalidated)
npm http fetch GET 200 https://registry.npmjs.org/is-unicode-supported 305ms (cache revalidated)
npm http fetch GET 200 https://registry.npmjs.org/at-least-node 315ms (cache revalidated)
npm http fetch GET 200 https://registry.npmjs.org/buffer-crc32 300ms (cache revalidated)
npm http fetch GET 200 https://registry.npmjs.org/rimraf 302ms (cache revalidated)
npm http fetch GET 200 https://registry.npmjs.org/fd-slicer 305ms (cache revalidated)
npm http fetch GET 200 https://registry.npmjs.org/through 316ms (cache revalidated)
npm http fetch GET 200 https://registry.npmjs.org/lru-cache 314ms (cache revalidated)
npm http fetch GET 200 https://registry.npmjs.org/strip-final-newline 337ms (cache revalidated)
npm timing idealTree:node_modules/cypress Completed in 435ms
npm http fetch GET 200 https://registry.npmjs.org/assert-plus 53ms (cache revalidated)
npm http fetch GET 200 https://registry.npmjs.org/punycode 51ms (cache revalidated)
npm http fetch GET 200 https://registry.npmjs.org/mime-db 55ms (cache revalidated)
npm http fetch GET 200 https://registry.npmjs.org/asynckit 63ms (cache revalidated)
npm http fetch GET 200 https://registry.npmjs.org/delayed-stream 65ms (cache revalidated)
npm http fetch GET 200 https://registry.npmjs.org/sshpk 66ms (cache revalidated)
npm http fetch GET 200 https://registry.npmjs.org/jsprim 80ms (cache revalidated)
npm http fetch GET 200 https://registry.npmjs.org/psl 852ms (cache revalidated)
npm timing idealTree:node_modules/@cypress/request Completed in 882ms
npm timing idealTree:node_modules/@cypress/xvfb Completed in 4ms
npm timing idealTree:node_modules/@types/node Completed in 0ms
npm timing idealTree:node_modules/@types/sinonjs__fake-timers Completed in 0ms
npm timing idealTree:node_modules/@types/sizzle Completed in 0ms
npm timing idealTree:node_modules/arch Completed in 0ms
npm timing idealTree:node_modules/aws-sign2 Completed in 0ms
npm timing idealTree:node_modules/aws4 Completed in 0ms
npm timing idealTree:node_modules/blob-util Completed in 0ms
npm timing idealTree:node_modules/bluebird Completed in 0ms
npm timing idealTree:node_modules/buffer Completed in 2ms
npm timing idealTree:node_modules/base64-js Completed in 0ms
npm timing idealTree:node_modules/cachedir Completed in 0ms
npm timing idealTree:node_modules/caseless Completed in 0ms
npm http fetch GET 200 https://registry.npmjs.org/color-convert 30ms (cache revalidated)
npm timing idealTree:node_modules/chalk Completed in 34ms
npm http fetch GET 200 https://registry.npmjs.org/color-name 83ms (cache revalidated)
npm timing idealTree:node_modules/ansi-styles Completed in 85ms
npm timing idealTree:node_modules/check-more-types Completed in 0ms
npm timing idealTree:node_modules/cli-cursor Completed in 1ms
npm http fetch GET 200 https://registry.npmjs.org/strip-ansi 59ms (cache revalidated)
npm http fetch GET 200 https://registry.npmjs.org/emoji-regex 63ms (cache revalidated)
npm http fetch GET 200 https://registry.npmjs.org/is-fullwidth-code-point 74ms (cache revalidated)
npm timing idealTree:node_modules/cli-table3 Completed in 79ms
npm timing idealTree:node_modules/@colors/colors Completed in 0ms
npm timing idealTree:node_modules/color-convert Completed in 1ms
npm timing idealTree:node_modules/color-name Completed in 0ms
npm timing idealTree:node_modules/combined-stream Completed in 1ms
npm timing idealTree:node_modules/commander Completed in 0ms
npm timing idealTree:node_modules/common-tags Completed in 0ms
npm timing idealTree:node_modules/dayjs Completed in 0ms
npm timing idealTree:node_modules/debug Completed in 2ms
npm timing idealTree:node_modules/delayed-stream Completed in 0ms
npm timing idealTree:node_modules/enquirer Completed in 1ms
npm timing idealTree:node_modules/ansi-colors Completed in 0ms
npm timing idealTree:node_modules/eventemitter2 Completed in 0ms
npm http fetch GET 200 https://registry.npmjs.org/pump 40ms (cache revalidated)
npm http fetch GET 200 https://registry.npmjs.org/path-key 46ms (cache revalidated)
npm http fetch GET 200 https://registry.npmjs.org/path-key 48ms (cache revalidated)
npm http fetch GET 200 https://registry.npmjs.org/shebang-command 56ms (cache revalidated)
npm http fetch GET 200 https://registry.npmjs.org/mimic-fn 56ms (cache revalidated)
npm http fetch GET 200 https://registry.npmjs.org/which 71ms (cache revalidated)
npm timing idealTree:node_modules/execa Completed in 83ms
npm http fetch GET 200 https://registry.npmjs.org/shebang-regex 47ms (cache revalidated)
npm http fetch GET 200 https://registry.npmjs.org/isexe 50ms (cache revalidated)
npm timing idealTree:node_modules/cross-spawn Completed in 54ms
npm timing idealTree:node_modules/executable Completed in 1ms
npm timing idealTree:node_modules/extend Completed in 0ms
npm timing idealTree:node_modules/extract-zip Completed in 1ms
npm timing idealTree:node_modules/@types/yauzl Completed in 0ms
npm timing idealTree:node_modules/figures Completed in 1ms
npm timing idealTree:node_modules/escape-string-regexp Completed in 0ms
npm timing idealTree:node_modules/forever-agent Completed in 0ms
npm timing idealTree:node_modules/form-data Completed in 1ms
npm timing idealTree:node_modules/asynckit Completed in 0ms
npm timing idealTree:node_modules/fs-extra Completed in 4ms
npm timing idealTree:node_modules/at-least-node Completed in 0ms
npm http fetch GET 200 https://registry.npmjs.org/end-of-stream 37ms (cache revalidated)
npm http fetch GET 200 https://registry.npmjs.org/once 39ms (cache revalidated)
npm timing idealTree:node_modules/get-stream Completed in 42ms
npm timing idealTree:node_modules/getos Completed in 1ms
npm timing idealTree:node_modules/async Completed in 0ms
npm timing idealTree:node_modules/graceful-fs Completed in 0ms
npm http fetch GET 200 https://registry.npmjs.org/json-schema 58ms (cache revalidated)
npm http fetch GET 200 https://registry.npmjs.org/dashdash 57ms (cache revalidated)
npm http fetch GET 200 https://registry.npmjs.org/ecc-jsbn 56ms (cache revalidated)
npm http fetch GET 200 https://registry.npmjs.org/jsbn 66ms (cache revalidated)
npm http fetch GET 200 https://registry.npmjs.org/extsprintf 73ms (cache revalidated)
npm http fetch GET 200 https://registry.npmjs.org/bcrypt-pbkdf 68ms (cache revalidated)
npm http fetch GET 200 https://registry.npmjs.org/getpass 72ms (cache revalidated)
npm http fetch GET 200 https://registry.npmjs.org/tweetnacl 73ms (cache revalidated)
npm http fetch GET 200 https://registry.npmjs.org/verror 98ms (cache revalidated)
npm http fetch GET 200 https://registry.npmjs.org/asn1 106ms (cache revalidated)
npm http fetch GET 200 https://registry.npmjs.org/safer-buffer 774ms (cache revalidated)
npm timing idealTree:node_modules/http-signature Completed in 783ms
npm timing idealTree:node_modules/assert-plus Completed in 0ms
npm timing idealTree:node_modules/human-signals Completed in 0ms
npm timing idealTree:node_modules/ieee754 Completed in 0ms
npm timing idealTree:node_modules/is-ci Completed in 1ms
npm timing idealTree:node_modules/ci-info Completed in 0ms
npm http fetch GET 200 https://registry.npmjs.org/ini 41ms (cache revalidated)
npm timing idealTree:node_modules/is-installed-globally Completed in 44ms
npm timing idealTree:node_modules/global-dirs Completed in 1ms
npm timing idealTree:node_modules/ini Completed in 0ms
npm timing idealTree:node_modules/is-path-inside Completed in 0ms
npm timing idealTree:node_modules/is-stream Completed in 0ms
npm timing idealTree:node_modules/is-typedarray Completed in 0ms
npm timing idealTree:node_modules/isstream Completed in 0ms
npm timing idealTree:node_modules/json-stringify-safe Completed in 0ms
npm timing idealTree:node_modules/jsonfile Completed in 0ms
npm http fetch GET 200 https://registry.npmjs.org/core-util-is 54ms (cache revalidated)
npm timing idealTree:node_modules/jsprim Completed in 57ms
npm timing idealTree:node_modules/extsprintf Completed in 0ms
npm timing idealTree:node_modules/json-schema Completed in 0ms
npm timing idealTree:node_modules/lazy-ass Completed in 0ms
npm http fetch GET 200 https://registry.npmjs.org/ansi-escapes 42ms (cache revalidated)
npm http fetch GET 200 https://registry.npmjs.org/slice-ansi 47ms (cache revalidated)
npm http fetch GET 200 https://registry.npmjs.org/tslib 51ms (cache revalidated)
npm http fetch GET 200 https://registry.npmjs.org/slice-ansi 54ms (cache revalidated)
npm http fetch GET 200 https://registry.npmjs.org/aggregate-error 55ms (cache revalidated)
npm timing idealTree:node_modules/listr2 Completed in 66ms
npm http fetch GET 200 https://registry.npmjs.org/astral-regex 40ms (cache revalidated)
npm timing idealTree:node_modules/cli-truncate Completed in 43ms
npm timing idealTree:node_modules/colorette Completed in 0ms
npm timing idealTree:node_modules/lodash Completed in 0ms
npm timing idealTree:node_modules/lodash.once Completed in 1ms
npm timing idealTree:node_modules/log-symbols Completed in 1ms
npm timing idealTree:node_modules/is-unicode-supported Completed in 0ms
npm http fetch GET 200 https://registry.npmjs.org/type-fest 54ms (cache revalidated)
npm timing idealTree:node_modules/log-update Completed in 61ms
npm timing idealTree:node_modules/ansi-escapes Completed in 1ms
npm timing idealTree:node_modules/merge-stream Completed in 0ms
npm timing idealTree:node_modules/mime-types Completed in 1ms
npm timing idealTree:node_modules/mime-db Completed in 0ms
npm timing idealTree:node_modules/minimist Completed in 0ms
npm timing idealTree:node_modules/ms Completed in 0ms
npm timing idealTree:node_modules/npm-run-path Completed in 0ms
npm timing idealTree:node_modules/onetime Completed in 1ms
npm timing idealTree:node_modules/mimic-fn Completed in 0ms
npm timing idealTree:node_modules/ospath Completed in 0ms
npm http fetch GET 200 https://registry.npmjs.org/clean-stack 32ms (cache revalidated)
npm http fetch GET 200 https://registry.npmjs.org/indent-string 46ms (cache revalidated)
npm timing idealTree:node_modules/p-map Completed in 49ms
npm timing idealTree:node_modules/aggregate-error Completed in 3ms
npm timing idealTree:node_modules/clean-stack Completed in 0ms
npm timing idealTree:node_modules/indent-string Completed in 0ms
npm timing idealTree:node_modules/path-key Completed in 0ms
npm timing idealTree:node_modules/performance-now Completed in 0ms
npm timing idealTree:node_modules/pify Completed in 0ms
npm timing idealTree:node_modules/pretty-bytes Completed in 0ms
npm timing idealTree:node_modules/proxy-from-env Completed in 0ms
npm http fetch GET 200 https://registry.npmjs.org/wrappy 55ms (cache revalidated)
npm timing idealTree:node_modules/pump Completed in 59ms
npm timing idealTree:node_modules/end-of-stream Completed in 0ms
npm timing idealTree:node_modules/once Completed in 1ms
npm timing idealTree:node_modules/qs Completed in 0ms
npm timing idealTree:node_modules/request-progress Completed in 1ms
npm timing idealTree:node_modules/restore-cursor Completed in 0ms
npm timing idealTree:node_modules/rfdc Completed in 0ms
npm timing idealTree:node_modules/rxjs Completed in 1ms
npm timing idealTree:node_modules/safe-buffer Completed in 0ms
npm http fetch GET 200 https://registry.npmjs.org/yallist 48ms (cache revalidated)
npm timing idealTree:node_modules/semver Completed in 50ms
npm timing idealTree:node_modules/lru-cache Completed in 1ms
npm timing idealTree:node_modules/shebang-command Completed in 1ms
npm timing idealTree:node_modules/shebang-regex Completed in 0ms
npm timing idealTree:node_modules/signal-exit Completed in 0ms
npm timing idealTree:node_modules/slice-ansi Completed in 2ms
npm timing idealTree:node_modules/astral-regex Completed in 0ms
npm timing idealTree:node_modules/is-fullwidth-code-point Completed in 0ms
npm timing idealTree:node_modules/sshpk Completed in 8ms
npm timing idealTree:node_modules/asn1 Completed in 0ms
npm timing idealTree:node_modules/bcrypt-pbkdf Completed in 0ms
npm timing idealTree:node_modules/dashdash Completed in 0ms
npm timing idealTree:node_modules/ecc-jsbn Completed in 0ms
npm timing idealTree:node_modules/getpass Completed in 0ms
npm timing idealTree:node_modules/jsbn Completed in 0ms
npm timing idealTree:node_modules/safer-buffer Completed in 0ms
npm http fetch GET 200 https://registry.npmjs.org/ansi-regex 59ms (cache revalidated)
npm timing idealTree:node_modules/string-width Completed in 63ms
npm timing idealTree:node_modules/emoji-regex Completed in 0ms
npm timing idealTree:node_modules/strip-ansi Completed in 2ms
npm timing idealTree:node_modules/ansi-regex Completed in 0ms
npm timing idealTree:node_modules/strip-final-newline Completed in 0ms
npm timing idealTree:node_modules/supports-color Completed in 1ms
npm timing idealTree:node_modules/has-flag Completed in 0ms
npm timing idealTree:node_modules/throttleit Completed in 1ms
npm timing idealTree:node_modules/through Completed in 0ms
npm http fetch GET 200 https://registry.npmjs.org/glob 33ms (cache revalidated)
npm timing idealTree:node_modules/tmp Completed in 38ms
npm http fetch GET 200 https://registry.npmjs.org/fs.realpath 84ms (cache revalidated)
npm http fetch GET 200 https://registry.npmjs.org/inflight 86ms (cache revalidated)
npm http fetch GET 200 https://registry.npmjs.org/path-is-absolute 84ms (cache revalidated)
npm http fetch GET 200 https://registry.npmjs.org/inherits 86ms (cache revalidated)
npm http fetch GET 200 https://registry.npmjs.org/minimatch 87ms (cache revalidated)
npm timing idealTree:node_modules/rimraf Completed in 93ms
npm http fetch GET 200 https://registry.npmjs.org/brace-expansion 51ms (cache revalidated)
npm timing idealTree:node_modules/glob Completed in 59ms
npm timing idealTree:node_modules/fs.realpath Completed in 0ms
npm timing idealTree:node_modules/inflight Completed in 0ms
npm timing idealTree:node_modules/inherits Completed in 0ms
npm http fetch GET 200 https://registry.npmjs.org/concat-map 42ms (cache revalidated)
npm http fetch GET 200 https://registry.npmjs.org/balanced-match 95ms (cache revalidated)
npm timing idealTree:node_modules/minimatch Completed in 97ms
npm timing idealTree:node_modules/brace-expansion Completed in 2ms
npm timing idealTree:node_modules/balanced-match Completed in 0ms
npm timing idealTree:node_modules/concat-map Completed in 0ms
npm timing idealTree:node_modules/path-is-absolute Completed in 0ms
npm timing idealTree:node_modules/tough-cookie Completed in 6ms
npm timing idealTree:node_modules/psl Completed in 0ms
npm timing idealTree:node_modules/punycode Completed in 0ms
npm timing idealTree:node_modules/tslib Completed in 0ms
npm timing idealTree:node_modules/tunnel-agent Completed in 0ms
npm timing idealTree:node_modules/tweetnacl Completed in 0ms
npm timing idealTree:node_modules/type-fest Completed in 0ms
npm timing idealTree:node_modules/universalify Completed in 0ms
npm timing idealTree:node_modules/untildify Completed in 0ms
npm timing idealTree:node_modules/uuid Completed in 0ms
npm timing idealTree:node_modules/verror Completed in 1ms
npm timing idealTree:node_modules/core-util-is Completed in 0ms
npm timing idealTree:node_modules/which Completed in 2ms
npm timing idealTree:node_modules/isexe Completed in 0ms
npm timing idealTree:node_modules/wrap-ansi Completed in 0ms
npm timing idealTree:node_modules/wrappy Completed in 0ms
npm timing idealTree:node_modules/yallist Completed in 0ms
npm http fetch GET 200 https://registry.npmjs.org/pend 48ms (cache revalidated)
npm timing idealTree:node_modules/yauzl Completed in 52ms
npm timing idealTree:node_modules/buffer-crc32 Completed in 0ms
npm timing idealTree:node_modules/fd-slicer Completed in 1ms
npm timing idealTree:node_modules/pend Completed in 0ms
npm timing idealTree:node_modules/@cypress/xvfb/node_modules/debug Completed in 0ms
npm timing idealTree:node_modules/chalk/node_modules/supports-color Completed in 0ms
npm timing idealTree:node_modules/log-update/node_modules/slice-ansi Completed in 0ms
npm timing idealTree:node_modules/log-update/node_modules/wrap-ansi Completed in 0ms
npm timing idealTree:buildDeps Completed in 4675ms
npm timing idealTree:fixDepFlags Completed in 2ms
npm timing idealTree Completed in 4694ms
npm timing reify:loadTrees Completed in 4695ms
npm timing reify:diffTrees Completed in 3ms
npm timing reify:retireShallow Completed in 1ms
npm timing reify:createSparse Completed in 42ms
npm timing reify:loadBundles Completed in 0ms
npm http fetch POST 200 https://registry.npmjs.org/-/npm/v1/security/advisories/bulk 499ms
npm timing auditReport:getReport Completed in 509ms
npm timing auditReport:init Completed in 0ms
npm timing reify:audit Completed in 509ms
npm timing reifyNode:node_modules/brace-expansion Completed in 609ms
npm timing reifyNode:node_modules/buffer-crc32 Completed in 612ms
npm timing reifyNode:node_modules/inflight Completed in 612ms
npm timing reifyNode:node_modules/end-of-stream Completed in 613ms
npm timing reifyNode:node_modules/once Completed in 615ms
npm timing reifyNode:node_modules/wrappy Completed in 615ms
npm timing reifyNode:node_modules/wrap-ansi Completed in 615ms
npm timing reifyNode:node_modules/slice-ansi Completed in 615ms
npm timing reifyNode:node_modules/ini Completed in 615ms
npm timing reifyNode:node_modules/universalify Completed in 616ms
npm timing reifyNode:node_modules/path-is-absolute Completed in 620ms
npm timing reifyNode:node_modules/at-least-node Completed in 617ms
npm timing reifyNode:node_modules/pify Completed in 618ms
npm timing reifyNode:node_modules/strip-final-newline Completed in 618ms
npm timing reifyNode:node_modules/merge-stream Completed in 618ms
npm timing reifyNode:node_modules/shebang-command Completed in 618ms
npm timing reifyNode:node_modules/escape-string-regexp Completed in 620ms
npm timing reifyNode:node_modules/ms Completed in 619ms
npm timing reifyNode:node_modules/@types/yauzl Completed in 621ms
npm timing reifyNode:node_modules/color-name Completed in 620ms
npm timing reifyNode:node_modules/lodash.once Completed in 620ms
npm timing reifyNode:node_modules/@types/sizzle Completed in 625ms
npm timing reifyNode:node_modules/@cypress/xvfb Completed in 625ms
npm timing reifyNode:node_modules/@types/sinonjs__fake-timers Completed in 626ms
npm timing reifyNode:node_modules/log-update/node_modules/wrap-ansi Completed in 631ms
npm timing reifyNode:node_modules/executable Completed in 627ms
npm timing reifyNode:node_modules/pend Completed in 635ms
npm timing reifyNode:node_modules/has-flag Completed in 635ms
npm timing reifyNode:node_modules/inherits Completed in 635ms
npm timing reifyNode:node_modules/strip-ansi Completed in 636ms
npm timing reifyNode:node_modules/ansi-regex Completed in 637ms
npm timing reifyNode:node_modules/log-update/node_modules/slice-ansi Completed in 636ms
npm timing reifyNode:node_modules/is-fullwidth-code-point Completed in 637ms
npm timing reifyNode:node_modules/shebang-regex Completed in 638ms
npm timing reifyNode:node_modules/astral-regex Completed in 638ms
npm timing reifyNode:node_modules/indent-string Completed in 639ms
npm timing reifyNode:node_modules/mimic-fn Completed in 638ms
npm timing reifyNode:node_modules/is-unicode-supported Completed in 639ms
npm timing reifyNode:node_modules/clean-stack Completed in 639ms
npm timing reifyNode:node_modules/aggregate-error Completed in 640ms
npm timing reifyNode:node_modules/log-update Completed in 640ms
npm timing reifyNode:node_modules/lru-cache Completed in 641ms
npm timing reifyNode:node_modules/cli-truncate Completed in 641ms
npm timing reifyNode:node_modules/p-map Completed in 641ms
npm timing reifyNode:node_modules/assert-plus Completed in 641ms
npm timing reifyNode:node_modules/is-path-inside Completed in 641ms
npm timing reifyNode:node_modules/global-dirs Completed in 642ms
npm timing reifyNode:node_modules/npm-run-path Completed in 642ms
npm timing reifyNode:node_modules/path-key Completed in 642ms
npm timing reifyNode:node_modules/is-stream Completed in 643ms
npm timing reifyNode:node_modules/onetime Completed in 643ms
npm timing reifyNode:node_modules/signal-exit Completed in 643ms
npm timing reifyNode:node_modules/string-width Completed in 642ms
npm timing reifyNode:node_modules/restore-cursor Completed in 643ms
npm timing reifyNode:node_modules/ieee754 Completed in 644ms
npm timing reifyNode:node_modules/tunnel-agent Completed in 645ms
npm timing reifyNode:node_modules/caseless Completed in 644ms
npm timing reifyNode:node_modules/forever-agent Completed in 645ms
npm timing reifyNode:node_modules/untildify Completed in 645ms
npm timing reifyNode:node_modules/supports-color Completed in 646ms
npm timing reifyNode:node_modules/is-typedarray Completed in 647ms
npm timing reifyNode:node_modules/ospath Completed in 647ms
npm timing reifyNode:node_modules/is-installed-globally Completed in 646ms
npm timing reifyNode:node_modules/aws-sign2 Completed in 647ms
npm timing reifyNode:node_modules/pretty-bytes Completed in 648ms
npm timing reifyNode:node_modules/cli-cursor Completed in 649ms
npm timing reifyNode:node_modules/figures Completed in 649ms
npm timing reifyNode:node_modules/chalk/node_modules/supports-color Completed in 650ms
npm timing reifyNode:node_modules/balanced-match Completed in 659ms
npm timing reifyNode:node_modules/fs.realpath Completed in 660ms
npm timing reifyNode:node_modules/yallist Completed in 660ms
npm timing reifyNode:node_modules/ansi-escapes Completed in 660ms
npm timing reifyNode:node_modules/ansi-styles Completed in 660ms
npm timing reifyNode:node_modules/base64-js Completed in 660ms
npm timing reifyNode:node_modules/combined-stream Completed in 660ms
npm timing reifyNode:node_modules/log-symbols Completed in 661ms
npm timing reifyNode:node_modules/is-ci Completed in 661ms
npm timing reifyNode:node_modules/extract-zip Completed in 662ms
npm timing reifyNode:node_modules/cachedir Completed in 663ms
npm timing reifyNode:node_modules/arch Completed in 664ms
npm timing reifyNode:node_modules/getpass Completed in 672ms
npm timing reifyNode:node_modules/minimatch Completed in 673ms
npm timing reifyNode:node_modules/pump Completed in 673ms
npm timing reifyNode:node_modules/which Completed in 673ms
npm timing reifyNode:node_modules/delayed-stream Completed in 673ms
npm timing reifyNode:node_modules/get-stream Completed in 673ms
npm timing reifyNode:node_modules/mime-types Completed in 673ms
npm timing reifyNode:node_modules/punycode Completed in 683ms
npm timing reifyNode:node_modules/rimraf Completed in 684ms
npm timing reifyNode:node_modules/bcrypt-pbkdf Completed in 683ms
npm timing reifyNode:node_modules/json-schema Completed in 684ms
npm timing reifyNode:node_modules/colorette Completed in 684ms
npm timing reifyNode:node_modules/jsonfile Completed in 684ms
npm timing reifyNode:node_modules/graceful-fs Completed in 685ms
npm timing reifyNode:node_modules/safe-buffer Completed in 684ms
npm timing reifyNode:node_modules/yauzl Completed in 684ms
npm timing reifyNode:node_modules/core-util-is Completed in 693ms
npm timing reifyNode:node_modules/concat-map Completed in 693ms
npm timing reifyNode:node_modules/throttleit Completed in 693ms
npm timing reifyNode:node_modules/ci-info Completed in 693ms
npm timing reifyNode:node_modules/color-convert Completed in 710ms
npm timing reifyNode:node_modules/ansi-colors Completed in 711ms
npm timing reifyNode:node_modules/lazy-ass Completed in 710ms
npm timing reifyNode:node_modules/debug Completed in 711ms
npm timing reifyNode:node_modules/isexe Completed in 739ms
npm timing reifyNode:node_modules/safer-buffer Completed in 737ms
npm timing reifyNode:node_modules/jsprim Completed in 737ms
npm timing reifyNode:node_modules/isstream Completed in 736ms
npm timing reifyNode:node_modules/extend Completed in 736ms
npm timing reifyNode:node_modules/aws4 Completed in 736ms
npm timing reifyNode:node_modules/request-progress Completed in 736ms
npm timing reifyNode:node_modules/proxy-from-env Completed in 736ms
npm timing reifyNode:node_modules/glob Completed in 747ms
npm timing reifyNode:node_modules/jsbn Completed in 747ms
npm timing reifyNode:node_modules/verror Completed in 748ms
npm timing reifyNode:node_modules/tmp Completed in 745ms
npm timing reifyNode:node_modules/chalk Completed in 746ms
npm timing reifyNode:node_modules/fd-slicer Completed in 755ms
npm timing reifyNode:node_modules/ecc-jsbn Completed in 754ms
npm timing reifyNode:node_modules/emoji-regex Completed in 755ms
npm timing reifyNode:node_modules/extsprintf Completed in 753ms
npm timing reifyNode:node_modules/cross-spawn Completed in 753ms
npm timing reifyNode:node_modules/json-stringify-safe Completed in 753ms
npm timing reifyNode:node_modules/eventemitter2 Completed in 756ms
npm timing reifyNode:node_modules/buffer Completed in 757ms
npm timing reifyNode:node_modules/@cypress/xvfb/node_modules/debug Completed in 757ms
npm timing reifyNode:node_modules/asn1 Completed in 764ms
npm timing reifyNode:node_modules/through Completed in 764ms
npm timing reifyNode:node_modules/rfdc Completed in 764ms
npm timing reifyNode:node_modules/http-signature Completed in 762ms
npm timing reifyNode:node_modules/check-more-types Completed in 762ms
npm timing reifyNode:node_modules/dashdash Completed in 769ms
npm timing reifyNode:node_modules/commander Completed in 766ms
npm timing reifyNode:node_modules/cli-table3 Completed in 769ms
npm timing reifyNode:node_modules/blob-util Completed in 769ms
npm timing reifyNode:node_modules/tough-cookie Completed in 774ms
npm timing reifyNode:node_modules/execa Completed in 773ms
npm timing reifyNode:node_modules/tslib Completed in 780ms
npm timing reifyNode:node_modules/human-signals Completed in 782ms
npm timing reifyNode:node_modules/form-data Completed in 781ms
npm timing reifyNode:node_modules/mime-db Completed in 787ms
npm timing reifyNode:node_modules/asynckit Completed in 789ms
npm timing reifyNode:node_modules/performance-now Completed in 788ms
npm timing reifyNode:node_modules/tweetnacl Completed in 802ms
npm timing reifyNode:node_modules/minimist Completed in 803ms
npm timing reifyNode:node_modules/@cypress/request Completed in 814ms
npm timing reifyNode:node_modules/@colors/colors Completed in 818ms
npm timing reifyNode:node_modules/qs Completed in 825ms
npm timing reifyNode:node_modules/psl Completed in 842ms
npm timing reifyNode:node_modules/type-fest Completed in 876ms
npm timing reifyNode:node_modules/semver Completed in 882ms
npm timing reifyNode:node_modules/sshpk Completed in 894ms
npm timing reifyNode:node_modules/fs-extra Completed in 892ms
npm timing reifyNode:node_modules/enquirer Completed in 894ms
npm timing reifyNode:node_modules/getos Completed in 904ms
npm timing reifyNode:node_modules/uuid Completed in 922ms
npm timing reifyNode:node_modules/bluebird Completed in 933ms
npm timing reifyNode:node_modules/listr2 Completed in 936ms
npm timing reifyNode:node_modules/@types/node Completed in 957ms
npm timing reifyNode:node_modules/async Completed in 1033ms
npm timing reifyNode:node_modules/common-tags Completed in 1033ms
npm timing reifyNode:node_modules/dayjs Completed in 1310ms
npm timing reifyNode:node_modules/lodash Completed in 1629ms
npm timing reifyNode:node_modules/cypress Completed in 1664ms
npm timing reifyNode:node_modules/rxjs Completed in 1956ms
npm timing reify:unpack Completed in 1960ms
npm timing reify:unretire Completed in 0ms
npm timing build:queue Completed in 8ms
npm timing build:link:node_modules/cypress Completed in 5ms
npm timing build:link:node_modules/semver Completed in 5ms
npm timing build:link:node_modules/uuid Completed in 4ms
npm timing build:link:node_modules/is-ci Completed in 5ms
npm timing build:link:node_modules/rimraf Completed in 5ms
npm timing build:link:node_modules/extract-zip Completed in 6ms
npm timing build:link:node_modules/sshpk Completed in 6ms
npm timing build:link:node_modules/which Completed in 5ms
npm timing build:link Completed in 7ms
npm info run cypress@10.6.0 postinstall node_modules/cypress node index.js --exec install
npm info run cypress@10.6.0 postinstall { code: 0, signal: null }
npm timing build:run:postinstall:node_modules/cypress Completed in 596ms
npm timing build:run:postinstall Completed in 597ms
npm timing build:deps Completed in 613ms
npm timing build Completed in 614ms
npm timing reify:build Completed in 614ms
npm timing reify:trash Completed in 0ms
npm timing reify:save Completed in 91ms
npm timing reify Completed in 7476ms

added 165 packages, and audited 166 packages in 8s

27 packages are looking for funding
  run `npm fund` for details

found 0 vulnerabilities
npm timing command:install Completed in 7494ms
npm notice 
npm notice New minor version of npm available! 8.17.0 -> 8.18.0
npm notice Changelog: <https://github.com/npm/cli/releases/tag/v8.18.0>
npm notice Run `npm install -g npm@8.18.0` to update!
npm notice 
npm verb exit 0
npm timing npm Completed in 7607ms
npm info ok 
